2020-05-27  3:25:35 0 [Note] Using unique option prefix 'innodb-locks' is error-prone and can break in the future. Please use the full name 'innodb-locks-unsafe-for-binlog' instead.
2020-05-27  3:25:35 0 [Note] Using unique option prefix 'innodb-cmp' is error-prone and can break in the future. Please use the full name 'innodb-cmp-per-index-enabled' instead.
2020-05-27  3:25:35 0 [Note] Using unique option prefix 'innodb-cmp-per-index' is error-prone and can break in the future. Please use the full name 'innodb-cmp-per-index-enabled' instead.
2020-05-27  3:25:35 0 [Note] Plugin 'InnoDB' is disabled.
2020-05-27  3:25:35 0 [Note] Using unique option prefix 'innodb-sys-tables' is error-prone and can break in the future. Please use the full name 'innodb-sys-tablestats' instead.
2020-05-27  3:25:35 0 [Note] Plugin 'INNODB_SYS_TABLESTATS' is disabled.
2020-05-27  3:25:35 0 [Note] Plugin 'INNODB_CMPMEM' is disabled.
2020-05-27  3:25:35 0 [Note] Plugin 'INNODB_FT_DELETED' is disabled.
2020-05-27  3:25:35 0 [Note] Plugin 'INNODB_CMP_RESET' is disabled.
2020-05-27  3:25:35 0 [Note] Plugin 'INNODB_LOCK_WAITS' is disabled.
2020-05-27  3:25:35 0 [Note] Using unique option prefix 'innodb-buffer-page' is error-prone and can break in the future. Please use the full name 'innodb-buffer-page-lru' instead.
2020-05-27  3:25:35 0 [Note] Plugin 'INNODB_BUFFER_PAGE_LRU' is disabled.
2020-05-27  3:25:35 0 [Note] Plugin 'INNODB_SYS_FIELDS' is disabled.
2020-05-27  3:25:35 0 [Note] Plugin 'INNODB_CMPMEM_RESET' is disabled.
2020-05-27  3:25:35 0 [Note] Plugin 'FEEDBACK' is disabled.
2020-05-27  3:25:35 0 [Note] Plugin 'INNODB_SYS_COLUMNS' is disabled.
2020-05-27  3:25:35 0 [Note] Plugin 'INNODB_FT_INDEX_TABLE' is disabled.
2020-05-27  3:25:35 0 [Note] Plugin 'INNODB_CMP_PER_INDEX_RESET' is disabled.
2020-05-27  3:25:35 0 [Note] Plugin 'INNODB_FT_INDEX_CACHE' is disabled.
2020-05-27  3:25:35 0 [Note] Using unique option prefix 'innodb-sys-foreign' is error-prone and can break in the future. Please use the full name 'innodb-sys-foreign-cols' instead.
2020-05-27  3:25:35 0 [Note] Plugin 'INNODB_SYS_FOREIGN_COLS' is disabled.
2020-05-27  3:25:35 0 [Note] Plugin 'INNODB_FT_BEING_DELETED' is disabled.
2020-05-27  3:25:35 0 [Note] Plugin 'INNODB_BUFFER_POOL_STATS' is disabled.
2020-05-27  3:25:35 0 [Note] Plugin 'INNODB_TRX' is disabled.
2020-05-27  3:25:35 0 [Note] Plugin 'INNODB_FT_DEFAULT_STOPWORD' is disabled.
2020-05-27  3:25:35 0 [Note] Plugin 'INNODB_FT_CONFIG' is disabled.
2020-05-27  3:25:35 0 [Note] Plugin 'INNODB_METRICS' is disabled.
2020-05-27  3:25:35 0 [Note] Plugin 'INNODB_SYS_INDEXES' is disabled.
2020-05-27  3:25:35 0 [Warning] /opt/zbox/run/mysql/mysqld: unknown variable 'loose-innodb-ft-inserted=0'
2020-05-27  3:25:35 0 [Note] Server socket created on IP: '0.0.0.0'.
2020-05-27  3:25:36 1 [Warning] Failed to load slave replication state from table mysql.gtid_slave_pos: 1286: Unknown storage engine 'InnoDB'
2020-05-27  3:25:36 0 [Note] Reading of all Master_info entries succeded
2020-05-27  3:25:36 0 [Note] Added new Master_info '' to hash table
2020-05-27  3:25:36 0 [Note] /opt/zbox/run/mysql/mysqld: ready for connections.
Version: '10.3.13-MariaDB'  socket: '/opt/zbox/tmp/mysql/mysql.sock'  port: 3306  Source distribution
2020-05-27  3:25:52 3 [ERROR] mysqld: Table './zentao/zt_config' is marked as crashed and should be repaired
2020-05-27  3:25:52 3 [Warning] Checking table:   './zentao/zt_config'
2020-05-27  3:25:52 3 [ERROR] mysqld: Table './zentao/zt_company' is marked as crashed and should be repaired
2020-05-27  3:25:52 3 [Warning] Checking table:   './zentao/zt_company'
2020-05-27  3:25:53 4 [ERROR] mysqld: Table './zentao/zt_cron' is marked as crashed and should be repaired
2020-05-27  3:25:53 4 [Warning] Checking table:   './zentao/zt_cron'
2020-05-27  3:26:08 7 [ERROR] mysqld: Table './zentao/zt_user' is marked as crashed and should be repaired
2020-05-27  3:26:08 7 [Warning] Checking table:   './zentao/zt_user'
2020-05-27  3:26:08 7 [ERROR] mysqld: Table './zentao/zt_group' is marked as crashed and should be repaired
2020-05-27  3:26:08 7 [Warning] Checking table:   './zentao/zt_group'
2020-05-27  3:26:08 7 [ERROR] mysqld: Table './zentao/zt_grouppriv' is marked as crashed and should be repaired
2020-05-27  3:26:08 7 [Warning] Checking table:   './zentao/zt_grouppriv'
2020-05-27  5:39:04 0 [Note] Using unique option prefix 'innodb-locks' is error-prone and can break in the future. Please use the full name 'innodb-locks-unsafe-for-binlog' instead.
2020-05-27  5:39:04 0 [Note] Using unique option prefix 'innodb-cmp' is error-prone and can break in the future. Please use the full name 'innodb-cmp-per-index-enabled' instead.
2020-05-27  5:39:04 0 [Note] Using unique option prefix 'innodb-cmp-per-index' is error-prone and can break in the future. Please use the full name 'innodb-cmp-per-index-enabled' instead.
2020-05-27  5:39:04 0 [Note] Plugin 'InnoDB' is disabled.
2020-05-27  5:39:04 0 [Note] Using unique option prefix 'innodb-sys-tables' is error-prone and can break in the future. Please use the full name 'innodb-sys-tablestats' instead.
2020-05-27  5:39:04 0 [Note] Plugin 'INNODB_SYS_TABLESTATS' is disabled.
2020-05-27  5:39:04 0 [Note] Plugin 'INNODB_CMPMEM' is disabled.
2020-05-27  5:39:04 0 [Note] Plugin 'INNODB_FT_DELETED' is disabled.
2020-05-27  5:39:04 0 [Note] Plugin 'INNODB_CMP_RESET' is disabled.
2020-05-27  5:39:04 0 [Note] Plugin 'INNODB_LOCK_WAITS' is disabled.
2020-05-27  5:39:04 0 [Note] Using unique option prefix 'innodb-buffer-page' is error-prone and can break in the future. Please use the full name 'innodb-buffer-page-lru' instead.
2020-05-27  5:39:04 0 [Note] Plugin 'INNODB_BUFFER_PAGE_LRU' is disabled.
2020-05-27  5:39:04 0 [Note] Plugin 'INNODB_SYS_FIELDS' is disabled.
2020-05-27  5:39:04 0 [Note] Plugin 'INNODB_CMPMEM_RESET' is disabled.
2020-05-27  5:39:04 0 [Note] Plugin 'FEEDBACK' is disabled.
2020-05-27  5:39:04 0 [Note] Plugin 'INNODB_SYS_COLUMNS' is disabled.
2020-05-27  5:39:04 0 [Note] Plugin 'INNODB_FT_INDEX_TABLE' is disabled.
2020-05-27  5:39:04 0 [Note] Plugin 'INNODB_CMP_PER_INDEX_RESET' is disabled.
2020-05-27  5:39:04 0 [Note] Plugin 'INNODB_FT_INDEX_CACHE' is disabled.
2020-05-27  5:39:04 0 [Note] Using unique option prefix 'innodb-sys-foreign' is error-prone and can break in the future. Please use the full name 'innodb-sys-foreign-cols' instead.
2020-05-27  5:39:04 0 [Note] Plugin 'INNODB_SYS_FOREIGN_COLS' is disabled.
2020-05-27  5:39:04 0 [Note] Plugin 'INNODB_FT_BEING_DELETED' is disabled.
2020-05-27  5:39:04 0 [Note] Plugin 'INNODB_BUFFER_POOL_STATS' is disabled.
2020-05-27  5:39:04 0 [Note] Plugin 'INNODB_TRX' is disabled.
2020-05-27  5:39:04 0 [Note] Plugin 'INNODB_FT_DEFAULT_STOPWORD' is disabled.
2020-05-27  5:39:04 0 [Note] Plugin 'INNODB_FT_CONFIG' is disabled.
2020-05-27  5:39:04 0 [Note] Plugin 'INNODB_METRICS' is disabled.
2020-05-27  5:39:04 0 [Note] Plugin 'INNODB_SYS_INDEXES' is disabled.
2020-05-27  5:39:04 0 [Warning] /opt/zbox/run/mysql/mysqld: unknown variable 'loose-innodb-ft-inserted=0'
2020-05-27  5:39:04 0 [Note] Server socket created on IP: '0.0.0.0'.
2020-05-27  5:39:04 1 [Warning] Failed to load slave replication state from table mysql.gtid_slave_pos: 1286: Unknown storage engine 'InnoDB'
2020-05-27  5:39:04 0 [Note] Reading of all Master_info entries succeded
2020-05-27  5:39:04 0 [Note] Added new Master_info '' to hash table
2020-05-27  5:39:04 0 [Note] /opt/zbox/run/mysql/mysqld: ready for connections.
Version: '10.3.13-MariaDB'  socket: '/opt/zbox/tmp/mysql/mysql.sock'  port: 3306  Source distribution
2020-05-27  5:39:19 3 [ERROR] mysqld: Table './zentao/zt_config' is marked as crashed and should be repaired
2020-05-27  5:39:19 3 [Warning] Checking table:   './zentao/zt_config'
2020-05-27  5:40:11 5 [ERROR] mysqld: Table './zentao/zt_cron' is marked as crashed and should be repaired
2020-05-27  5:40:11 5 [Warning] Checking table:   './zentao/zt_cron'
2020-05-27  5:40:17 9 [Warning] IP address '172.30.0.1' could not be resolved: Name or service not known
2020-05-27  5:40:17 8 [Warning] IP address '172.30.0.1' could not be resolved: Name or service not known
2020-05-27  5:41:46 19 [Warning] Access denied for user 'root'@'172.30.0.1' (using password: YES)
2020-05-27  5:42:00 20 [Warning] Access denied for user 'root'@'172.30.0.1' (using password: YES)
2020-05-27  5:49:20 35 [ERROR] mysqld: Table './zentao/zt_user' is marked as crashed and should be repaired
2020-05-27  5:49:20 35 [Warning] Checking table:   './zentao/zt_user'
2020-05-27  5:49:21 35 [ERROR] mysqld: Table './zentao/zt_userview' is marked as crashed and should be repaired
2020-05-27  5:49:21 35 [Warning] Checking table:   './zentao/zt_userview'
2020-05-27  5:49:21 35 [ERROR] mysqld: Table './zentao/zt_action' is marked as crashed and should be repaired
2020-05-27  5:49:21 35 [Warning] Checking table:   './zentao/zt_action'
2020-05-27  5:49:22 37 [ERROR] mysqld: Table './zentao/zt_block' is marked as crashed and should be repaired
2020-05-27  5:49:22 37 [Warning] Checking table:   './zentao/zt_block'
2020-05-27  6:01:56 163 [Warning] Access denied for user 'root'@'172.30.0.1' (using password: YES)
2020-05-27  6:02:51 164 [Warning] Access denied for user 'root'@'172.30.0.1' (using password: YES)
2020-05-27  6:03:02 165 [Warning] Access denied for user 'root'@'172.30.0.1' (using password: YES)
2020-05-27  6:05:17 167 [Warning] Access denied for user 'root'@'172.30.0.1' (using password: YES)
2020-05-27  6:08:05 171 [Warning] Access denied for user 'root'@'172.30.0.1' (using password: YES)
2020-05-27  6:14:11 181 [Warning] Access denied for user 'root'@'localhost' (using password: YES)
2020-05-27  6:14:20 182 [Warning] Access denied for user 'root'@'localhost' (using password: YES)
2020-05-28  2:43:57 0 [Note] Using unique option prefix 'innodb-locks' is error-prone and can break in the future. Please use the full name 'innodb-locks-unsafe-for-binlog' instead.
2020-05-28  2:43:57 0 [Note] Using unique option prefix 'innodb-cmp' is error-prone and can break in the future. Please use the full name 'innodb-cmp-per-index-enabled' instead.
2020-05-28  2:43:57 0 [Note] Using unique option prefix 'innodb-cmp-per-index' is error-prone and can break in the future. Please use the full name 'innodb-cmp-per-index-enabled' instead.
2020-05-28  2:43:57 0 [Note] Plugin 'InnoDB' is disabled.
2020-05-28  2:43:57 0 [Note] Using unique option prefix 'innodb-sys-tables' is error-prone and can break in the future. Please use the full name 'innodb-sys-tablestats' instead.
2020-05-28  2:43:57 0 [Note] Plugin 'INNODB_SYS_TABLESTATS' is disabled.
2020-05-28  2:43:57 0 [Note] Plugin 'INNODB_CMPMEM' is disabled.
2020-05-28  2:43:57 0 [Note] Plugin 'INNODB_FT_DELETED' is disabled.
2020-05-28  2:43:57 0 [Note] Plugin 'INNODB_CMP_RESET' is disabled.
2020-05-28  2:43:57 0 [Note] Plugin 'INNODB_LOCK_WAITS' is disabled.
2020-05-28  2:43:57 0 [Note] Using unique option prefix 'innodb-buffer-page' is error-prone and can break in the future. Please use the full name 'innodb-buffer-page-lru' instead.
2020-05-28  2:43:57 0 [Note] Plugin 'INNODB_BUFFER_PAGE_LRU' is disabled.
2020-05-28  2:43:57 0 [Note] Plugin 'INNODB_SYS_FIELDS' is disabled.
2020-05-28  2:43:57 0 [Note] Plugin 'INNODB_CMPMEM_RESET' is disabled.
2020-05-28  2:43:57 0 [Note] Plugin 'FEEDBACK' is disabled.
2020-05-28  2:43:57 0 [Note] Plugin 'INNODB_SYS_COLUMNS' is disabled.
2020-05-28  2:43:57 0 [Note] Plugin 'INNODB_FT_INDEX_TABLE' is disabled.
2020-05-28  2:43:57 0 [Note] Plugin 'INNODB_CMP_PER_INDEX_RESET' is disabled.
2020-05-28  2:43:57 0 [Note] Plugin 'INNODB_FT_INDEX_CACHE' is disabled.
2020-05-28  2:43:57 0 [Note] Using unique option prefix 'innodb-sys-foreign' is error-prone and can break in the future. Please use the full name 'innodb-sys-foreign-cols' instead.
2020-05-28  2:43:57 0 [Note] Plugin 'INNODB_SYS_FOREIGN_COLS' is disabled.
2020-05-28  2:43:57 0 [Note] Plugin 'INNODB_FT_BEING_DELETED' is disabled.
2020-05-28  2:43:57 0 [Note] Plugin 'INNODB_BUFFER_POOL_STATS' is disabled.
2020-05-28  2:43:57 0 [Note] Plugin 'INNODB_TRX' is disabled.
2020-05-28  2:43:57 0 [Note] Plugin 'INNODB_FT_DEFAULT_STOPWORD' is disabled.
2020-05-28  2:43:57 0 [Note] Plugin 'INNODB_FT_CONFIG' is disabled.
2020-05-28  2:43:57 0 [Note] Plugin 'INNODB_METRICS' is disabled.
2020-05-28  2:43:57 0 [Note] Plugin 'INNODB_SYS_INDEXES' is disabled.
2020-05-28  2:43:57 0 [Warning] /opt/zbox/run/mysql/mysqld: unknown variable 'loose-innodb-ft-inserted=0'
2020-05-28  2:43:57 0 [Note] Server socket created on IP: '0.0.0.0'.
2020-05-28  2:43:57 1 [Warning] Failed to load slave replication state from table mysql.gtid_slave_pos: 1286: Unknown storage engine 'InnoDB'
2020-05-28  2:43:57 0 [Note] Reading of all Master_info entries succeded
2020-05-28  2:43:57 0 [Note] Added new Master_info '' to hash table
2020-05-28  2:43:57 0 [Note] /opt/zbox/run/mysql/mysqld: ready for connections.
Version: '10.3.13-MariaDB'  socket: '/opt/zbox/tmp/mysql/mysql.sock'  port: 3306  Source distribution
2020-05-28  2:51:02 5 [ERROR] mysqld: Table './zentao/zt_cron' is marked as crashed and should be repaired
2020-05-28  2:51:02 5 [Warning] Checking table:   './zentao/zt_cron'
2020-05-28  7:04:33 0 [Note] Using unique option prefix 'innodb-locks' is error-prone and can break in the future. Please use the full name 'innodb-locks-unsafe-for-binlog' instead.
2020-05-28  7:04:33 0 [Note] Using unique option prefix 'innodb-cmp' is error-prone and can break in the future. Please use the full name 'innodb-cmp-per-index-enabled' instead.
2020-05-28  7:04:33 0 [Note] Using unique option prefix 'innodb-cmp-per-index' is error-prone and can break in the future. Please use the full name 'innodb-cmp-per-index-enabled' instead.
2020-05-28  7:04:33 0 [Note] Plugin 'InnoDB' is disabled.
2020-05-28  7:04:33 0 [Note] Using unique option prefix 'innodb-sys-tables' is error-prone and can break in the future. Please use the full name 'innodb-sys-tablestats' instead.
2020-05-28  7:04:33 0 [Note] Plugin 'INNODB_SYS_TABLESTATS' is disabled.
2020-05-28  7:04:33 0 [Note] Plugin 'INNODB_CMPMEM' is disabled.
2020-05-28  7:04:33 0 [Note] Plugin 'INNODB_FT_DELETED' is disabled.
2020-05-28  7:04:33 0 [Note] Plugin 'INNODB_CMP_RESET' is disabled.
2020-05-28  7:04:33 0 [Note] Plugin 'INNODB_LOCK_WAITS' is disabled.
2020-05-28  7:04:33 0 [Note] Using unique option prefix 'innodb-buffer-page' is error-prone and can break in the future. Please use the full name 'innodb-buffer-page-lru' instead.
2020-05-28  7:04:33 0 [Note] Plugin 'INNODB_BUFFER_PAGE_LRU' is disabled.
2020-05-28  7:04:33 0 [Note] Plugin 'INNODB_SYS_FIELDS' is disabled.
2020-05-28  7:04:33 0 [Note] Plugin 'INNODB_CMPMEM_RESET' is disabled.
2020-05-28  7:04:33 0 [Note] Plugin 'FEEDBACK' is disabled.
2020-05-28  7:04:33 0 [Note] Plugin 'INNODB_SYS_COLUMNS' is disabled.
2020-05-28  7:04:33 0 [Note] Plugin 'INNODB_FT_INDEX_TABLE' is disabled.
2020-05-28  7:04:33 0 [Note] Plugin 'INNODB_CMP_PER_INDEX_RESET' is disabled.
2020-05-28  7:04:33 0 [Note] Plugin 'INNODB_FT_INDEX_CACHE' is disabled.
2020-05-28  7:04:33 0 [Note] Using unique option prefix 'innodb-sys-foreign' is error-prone and can break in the future. Please use the full name 'innodb-sys-foreign-cols' instead.
2020-05-28  7:04:33 0 [Note] Plugin 'INNODB_SYS_FOREIGN_COLS' is disabled.
2020-05-28  7:04:33 0 [Note] Plugin 'INNODB_FT_BEING_DELETED' is disabled.
2020-05-28  7:04:33 0 [Note] Plugin 'INNODB_BUFFER_POOL_STATS' is disabled.
2020-05-28  7:04:33 0 [Note] Plugin 'INNODB_TRX' is disabled.
2020-05-28  7:04:33 0 [Note] Plugin 'INNODB_FT_DEFAULT_STOPWORD' is disabled.
2020-05-28  7:04:33 0 [Note] Plugin 'INNODB_FT_CONFIG' is disabled.
2020-05-28  7:04:33 0 [Note] Plugin 'INNODB_METRICS' is disabled.
2020-05-28  7:04:33 0 [Note] Plugin 'INNODB_SYS_INDEXES' is disabled.
2020-05-28  7:04:33 0 [Warning] /opt/zbox/run/mysql/mysqld: unknown variable 'loose-innodb-ft-inserted=0'
2020-05-28  7:04:33 0 [Note] Server socket created on IP: '0.0.0.0'.
2020-05-28  7:04:33 1 [Warning] Failed to load slave replication state from table mysql.gtid_slave_pos: 1286: Unknown storage engine 'InnoDB'
2020-05-28  7:04:33 0 [Note] Reading of all Master_info entries succeded
2020-05-28  7:04:33 0 [Note] Added new Master_info '' to hash table
2020-05-28  7:04:33 0 [Note] /opt/zbox/run/mysql/mysqld: ready for connections.
Version: '10.3.13-MariaDB'  socket: '/opt/zbox/tmp/mysql/mysql.sock'  port: 3306  Source distribution
